Using pre-set license
Built from '2021.3/staging' branch; Version is '2021.3.4f1 (cb45f9cae8b7) revision 13321721'; Using compiler version '192829333'; Build Type 'Release'
OS: 'Windows 10  (10.0.19043) 64bit Core' Language: 'ko' Physical Memory: 16347 MB
BatchMode: 1, IsHumanControllingUs: 0, StartBugReporterOnCrash: 0, Is64bit: 1, IsPro: 1

COMMAND LINE ARGUMENTS:
F:\2021.3.4f1\Editor\Unity.exe
-adb2
-batchMode
-noUpm
-name
AssetImportWorker2
-projectPath
C:/Users/Main/Documents/GitHub/2022-1_TeamProject/TeamProject-KKJ
-logFile
Logs/AssetImportWorker2.log
-srvPort
11129
Successfully changed project path to: C:/Users/Main/Documents/GitHub/2022-1_TeamProject/TeamProject-KKJ
C:/Users/Main/Documents/GitHub/2022-1_TeamProject/TeamProject-KKJ
[UnityMemory] Configuration Parameters - Can be set up in boot.config
    "memorysetup-bucket-allocator-granularity=16"
    "memorysetup-bucket-allocator-bucket-count=8"
    "memorysetup-bucket-allocator-block-size=33554432"
    "memorysetup-bucket-allocator-block-count=8"
    "memorysetup-main-allocator-block-size=16777216"
    "memorysetup-thread-allocator-block-size=16777216"
    "memorysetup-gfx-main-allocator-block-size=16777216"
    "memorysetup-gfx-thread-allocator-block-size=16777216"
    "memorysetup-cache-allocator-block-size=4194304"
    "memorysetup-typetree-allocator-block-size=2097152"
    "memorysetup-profiler-bucket-allocator-granularity=16"
    "memorysetup-profiler-bucket-allocator-bucket-count=8"
    "memorysetup-profiler-bucket-allocator-block-size=33554432"
    "memorysetup-profiler-bucket-allocator-block-count=8"
    "memorysetup-profiler-allocator-block-size=16777216"
    "memorysetup-profiler-editor-allocator-block-size=1048576"
    "memorysetup-temp-allocator-size-main=16777216"
    "memorysetup-job-temp-allocator-block-size=2097152"
    "memorysetup-job-temp-allocator-block-size-background=1048576"
    "memorysetup-job-temp-allocator-reduction-small-platforms=262144"
    "memorysetup-temp-allocator-size-background-worker=32768"
    "memorysetup-temp-allocator-size-job-worker=262144"
    "memorysetup-temp-allocator-size-preload-manager=33554432"
    "memorysetup-temp-allocator-size-nav-mesh-worker=65536"
    "memorysetup-temp-allocator-size-audio-worker=65536"
    "memorysetup-temp-allocator-size-cloud-worker=32768"
    "memorysetup-temp-allocator-size-gi-baking-worker=262144"
    "memorysetup-temp-allocator-size-gfx=262144"
Refreshing native plugins compatible for Editor in 111.93 ms, found 3 plugins.
Preloading 0 native plugins for Editor in 0.00 ms.
Initialize engine version: 2021.3.4f1 (cb45f9cae8b7)
[Subsystems] Discovering subsystems at path F:/2021.3.4f1/Editor/Data/Resources/UnitySubsystems
[Subsystems] Discovering subsystems at path C:/Users/Main/Documents/GitHub/2022-1_TeamProject/TeamProject-KKJ/Assets
GfxDevice: creating device client; threaded=0; jobified=0
Direct3D:
    Version:  Direct3D 11.0 [level 11.1]
    Renderer: NVIDIA GeForce GTX 1080 (ID=0x1b80)
    Vendor:   NVIDIA
    VRAM:     8079 MB
    Driver:   27.21.14.5671
Initialize mono
Mono path[0] = 'F:/2021.3.4f1/Editor/Data/Managed'
Mono path[1] = 'F:/2021.3.4f1/Editor/Data/MonoBleedingEdge/lib/mono/unityjit-win32'
Mono config path = 'F:/2021.3.4f1/Editor/Data/MonoBleedingEdge/etc'
Using monoOptions --debugger-agent=transport=dt_socket,embedding=1,server=y,suspend=n,address=127.0.0.1:56436
Begin MonoManager ReloadAssembly
Registering precompiled unity dll's ...
Register platform support module: F:/2021.3.4f1/Editor/Data/PlaybackEngines/AndroidPlayer/UnityEditor.Android.Extensions.dll
Register platform support module: F:/2021.3.4f1/Editor/Data/PlaybackEngines/iOSSupport/UnityEditor.iOS.Extensions.dll
Register platform support module: F:/2021.3.4f1/Editor/Data/PlaybackEngines/WindowsStandaloneSupport/UnityEditor.WindowsStandalone.Extensions.dll
Registered in 0.006355 seconds.
Native extension for WindowsStandalone target not found
[usbmuxd] Start listen thread
[usbmuxd] Listen thread started
[usbmuxd] Send listen message
Native extension for iOS target not found
Native extension for Android target not found
Refreshing native plugins compatible for Editor in 118.90 ms, found 3 plugins.
Preloading 0 native plugins for Editor in 0.00 ms.
Mono: successfully reloaded assembly
- Completed reload, in  0.801 seconds
Domain Reload Profiling:
	ReloadAssembly (801ms)
		BeginReloadAssembly (129ms)
			ExecutionOrderSort (0ms)
			DisableScriptedObjects (0ms)
			BackupInstance (0ms)
			ReleaseScriptingObjects (0ms)
			CreateAndSetChildDomain (1ms)
		EndReloadAssembly (551ms)
			LoadAssemblies (130ms)
			RebuildTransferFunctionScriptingTraits (0ms)
			SetupTypeCache (135ms)
			ReleaseScriptCaches (0ms)
			RebuildScriptCaches (29ms)
			SetupLoadedEditorAssemblies (334ms)
				LogAssemblyErrors (0ms)
				InitializePlatformSupportModulesInManaged (55ms)
				SetLoadedEditorAssemblies (0ms)
				RefreshPlugins (119ms)
				BeforeProcessingInitializeOnLoad (1ms)
				ProcessInitializeOnLoadAttributes (104ms)
				ProcessInitializeOnLoadMethodAttributes (55ms)
				AfterProcessingInitializeOnLoad (0ms)
				EditorAssembliesLoaded (0ms)
			ExecutionOrderSort2 (0ms)
			AwakeInstancesAfterBackupRestoration (0ms)
Platform modules already initialized, skipping
Registering precompiled user dll's ...
Registered in 0.010800 seconds.
Begin MonoManager ReloadAssembly
Symbol file LoadedFromMemory doesn't match image C:\Users\Main\Documents\GitHub\2022-1_TeamProject\TeamProject-KKJ\Library\PackageCache\com.unity.visualscripting@1.7.8\Editor\VisualScripting.Core\Dependencies\YamlDotNet\Unity.VisualScripting.YamlDotNet.dll
Symbol file LoadedFromMemory doesn't match image C:\Users\Main\Documents\GitHub\2022-1_TeamProject\TeamProject-KKJ\Library\PackageCache\com.unity.visualscripting@1.7.8\Editor\VisualScripting.Core\Dependencies\DotNetZip\Unity.VisualScripting.IonicZip.dll
Native extension for WindowsStandalone target not found
Native extension for iOS target not found
Native extension for Android target not found
Refreshing native plugins compatible for Editor in 0.78 ms, found 3 plugins.
Preloading 0 native plugins for Editor in 0.00 ms.
Mono: successfully reloaded assembly
- Completed reload, in  1.310 seconds
Domain Reload Profiling:
	ReloadAssembly (1310ms)
		BeginReloadAssembly (151ms)
			ExecutionOrderSort (0ms)
			DisableScriptedObjects (7ms)
			BackupInstance (0ms)
			ReleaseScriptingObjects (0ms)
			CreateAndSetChildDomain (21ms)
		EndReloadAssembly (1022ms)
			LoadAssemblies (133ms)
			RebuildTransferFunctionScriptingTraits (0ms)
			SetupTypeCache (352ms)
			ReleaseScriptCaches (1ms)
			RebuildScriptCaches (57ms)
			SetupLoadedEditorAssemblies (453ms)
				LogAssemblyErrors (0ms)
				InitializePlatformSupportModulesInManaged (23ms)
				SetLoadedEditorAssemblies (0ms)
				RefreshPlugins (1ms)
				BeforeProcessingInitializeOnLoad (115ms)
				ProcessInitializeOnLoadAttributes (283ms)
				ProcessInitializeOnLoadMethodAttributes (27ms)
				AfterProcessingInitializeOnLoad (3ms)
				EditorAssembliesLoaded (0ms)
			ExecutionOrderSort2 (0ms)
			AwakeInstancesAfterBackupRestoration (16ms)
Platform modules already initialized, skipping
========================================================================
Worker process is ready to serve import requests
Launched and connected shader compiler UnityShaderCompiler.exe after 0.11 seconds
Refreshing native plugins compatible for Editor in 0.71 ms, found 3 plugins.
Preloading 0 native plugins for Editor in 0.00 ms.
Unloading 3441 Unused Serialized files (Serialized files now loaded: 0)
Unloading 27 unused Assets / (111.3 KB). Loaded Objects now: 3916.
Memory consumption went from 135.8 MB to 135.7 MB.
Total: 2.844200 ms (FindLiveObjects: 0.285000 ms CreateObjectMapping: 0.249000 ms MarkObjects: 2.196200 ms  DeleteObjects: 0.113000 ms)

AssetImportParameters requested are different than current active one (requested -> active):
  custom:video-decoder-ogg-theora: a1e56fd34408186e4bbccfd4996cb3dc -> 
  custom:container-muxer-webm: aa71ff27fc2769a1b78a27578f13a17b -> 
  custom:container-demuxer-webm: 4f35f7cbe854078d1ac9338744f61a02 -> 
  custom:video-encoder-webm-vp8: eb34c28f22e8b96e1ab97ce403110664 -> 
  custom:video-codec-MediaFoundation-h265: 746d11721c4dcdbdad8f713fa42b33f4 -> 
  custom:audio-encoder-webm-vorbis: bf7c407c2cedff20999df2af8eb42d56 -> 
  custom:framework-win-MediaFoundation: 216162199b28c13a410421893ffa2e32 -> 
  custom:container-demuxer-ogg: 62fdf1f143b41e24485cea50d1cbac27 -> 
  custom:video-decoder-webm-vp8: 9c59270c3fd7afecdb556c50c9e8de78 -> 
  custom:audio-decoder-ogg-vorbis: bf7c407c2cedff20999df2af8eb42d56 -> 
========================================================================
Received Import Request.
  Time since last request: 24417.387897 seconds.
  path: Assets/BombEffect.prefab
  artifactKey: Guid(d8dc70aa47c3303469443f4e2e9d5d70) Importer(815301076,1909f56bfc062723c751e8b465ee728b)
Start importing Assets/BombEffect.prefab using Guid(d8dc70aa47c3303469443f4e2e9d5d70) Importer(815301076,1909f56bfc062723c751e8b465ee728b)  -> (artifact id: 'cc619fe8be46b386d4b27f19fe606c30') in 0.369918 seconds 
========================================================================
Received Prepare
Registering precompiled user dll's ...
Registered in 0.011677 seconds.
Begin MonoManager ReloadAssembly
Symbol file LoadedFromMemory doesn't match image C:\Users\Main\Documents\GitHub\2022-1_TeamProject\TeamProject-KKJ\Library\PackageCache\com.unity.visualscripting@1.7.8\Editor\VisualScripting.Core\Dependencies\YamlDotNet\Unity.VisualScripting.YamlDotNet.dll
Symbol file LoadedFromMemory doesn't match image C:\Users\Main\Documents\GitHub\2022-1_TeamProject\TeamProject-KKJ\Library\PackageCache\com.unity.visualscripting@1.7.8\Editor\VisualScripting.Core\Dependencies\DotNetZip\Unity.VisualScripting.IonicZip.dll
Native extension for WindowsStandalone target not found
Native extension for iOS target not found
Native extension for Android target not found
Refreshing native plugins compatible for Editor in 1.27 ms, found 3 plugins.
Preloading 0 native plugins for Editor in 0.00 ms.
Mono: successfully reloaded assembly
- Completed reload, in  1.403 seconds
Domain Reload Profiling:
	ReloadAssembly (1404ms)
		BeginReloadAssembly (184ms)
			ExecutionOrderSort (0ms)
			DisableScriptedObjects (5ms)
			BackupInstance (0ms)
			ReleaseScriptingObjects (0ms)
			CreateAndSetChildDomain (57ms)
		EndReloadAssembly (1091ms)
			LoadAssemblies (144ms)
			RebuildTransferFunctionScriptingTraits (0ms)
			SetupTypeCache (382ms)
			ReleaseScriptCaches (2ms)
			RebuildScriptCaches (58ms)
			SetupLoadedEditorAssemblies (448ms)
				LogAssemblyErrors (0ms)
				InitializePlatformSupportModulesInManaged (41ms)
				SetLoadedEditorAssemblies (1ms)
				RefreshPlugins (1ms)
				BeforeProcessingInitializeOnLoad (99ms)
				ProcessInitializeOnLoadAttributes (264ms)
				ProcessInitializeOnLoadMethodAttributes (38ms)
				AfterProcessingInitializeOnLoad (4ms)
				EditorAssembliesLoaded (0ms)
			ExecutionOrderSort2 (0ms)
			AwakeInstancesAfterBackupRestoration (19ms)
Platform modules already initialized, skipping
Refreshing native plugins compatible for Editor in 4.00 ms, found 3 plugins.
Preloading 0 native plugins for Editor in 0.00 ms.
Unloading 3416 Unused Serialized files (Serialized files now loaded: 0)
Unloading 20 unused Assets / (79.0 KB). Loaded Objects now: 3926.
Memory consumption went from 138.1 MB to 138.0 MB.
Total: 4.172900 ms (FindLiveObjects: 0.305700 ms CreateObjectMapping: 0.191600 ms MarkObjects: 3.577300 ms  DeleteObjects: 0.086200 ms)

AssetImportParameters requested are different than current active one (requested -> active):
  custom:video-decoder-ogg-theora: a1e56fd34408186e4bbccfd4996cb3dc -> 
  custom:container-muxer-webm: aa71ff27fc2769a1b78a27578f13a17b -> 
  custom:container-demuxer-webm: 4f35f7cbe854078d1ac9338744f61a02 -> 
  custom:video-encoder-webm-vp8: eb34c28f22e8b96e1ab97ce403110664 -> 
  custom:video-codec-MediaFoundation-h265: 746d11721c4dcdbdad8f713fa42b33f4 -> 
  custom:audio-encoder-webm-vorbis: bf7c407c2cedff20999df2af8eb42d56 -> 
  custom:framework-win-MediaFoundation: 216162199b28c13a410421893ffa2e32 -> 
  custom:container-demuxer-ogg: 62fdf1f143b41e24485cea50d1cbac27 -> 
  custom:video-decoder-webm-vp8: 9c59270c3fd7afecdb556c50c9e8de78 -> 
  custom:audio-decoder-ogg-vorbis: bf7c407c2cedff20999df2af8eb42d56 -> 
========================================================================
Received Import Request.
  Time since last request: 42.296525 seconds.
  path: Assets/Scenes
  artifactKey: Guid(6ea315d0fd7389c41b19996891e99ae3) Importer(815301076,1909f56bfc062723c751e8b465ee728b)
Start importing Assets/Scenes using Guid(6ea315d0fd7389c41b19996891e99ae3) Importer(815301076,1909f56bfc062723c751e8b465ee728b)  -> (artifact id: 'bc172811d573b296104adb4d2728db37') in 0.009906 seconds 
========================================================================
Received Import Request.
  Time since last request: 19.733653 seconds.
  path: Assets/Scenes/Clear.unity
  artifactKey: Guid(e7cad94c5d3470d468779d2770c56639) Importer(815301076,1909f56bfc062723c751e8b465ee728b)
Start importing Assets/Scenes/Clear.unity using Guid(e7cad94c5d3470d468779d2770c56639) Importer(815301076,1909f56bfc062723c751e8b465ee728b)  -> (artifact id: '3f80ddbdc1858ecdb46de4738c3eb5c4') in 0.006725 seconds 
========================================================================
Received Import Request.
  Time since last request: 4.754801 seconds.
  path: Assets/Scenes/Failure.unity
  artifactKey: Guid(de1607154faddf345a50155a2d8ddb0a) Importer(815301076,1909f56bfc062723c751e8b465ee728b)
Start importing Assets/Scenes/Failure.unity using Guid(de1607154faddf345a50155a2d8ddb0a) Importer(815301076,1909f56bfc062723c751e8b465ee728b)  -> (artifact id: '2034b551b51a59b96104c1488a0191bf') in 0.006491 seconds 
========================================================================
Received Import Request.
  Time since last request: 2.168525 seconds.
  path: Assets/Scenes/Main.unity
  artifactKey: Guid(f53ef506a7992e942ab378377e003975) Importer(815301076,1909f56bfc062723c751e8b465ee728b)
Start importing Assets/Scenes/Main.unity using Guid(f53ef506a7992e942ab378377e003975) Importer(815301076,1909f56bfc062723c751e8b465ee728b)  -> (artifact id: 'e151e3e150ced51e6bb49c2c475fa146') in 0.007770 seconds 
========================================================================
Received Import Request.
  Time since last request: 0.910406 seconds.
  path: Assets/Scenes/SampleScene.unity
  artifactKey: Guid(9fc0d4010bbf28b4594072e72b8655ab) Importer(815301076,1909f56bfc062723c751e8b465ee728b)
Start importing Assets/Scenes/SampleScene.unity using Guid(9fc0d4010bbf28b4594072e72b8655ab) Importer(815301076,1909f56bfc062723c751e8b465ee728b)  -> (artifact id: '8f2dbbc1cedfd0107ca1ad38e8220053') in 0.007556 seconds 
========================================================================
Received Import Request.
  Time since last request: 0.532011 seconds.
  path: Assets/Scenes/Title.unity
  artifactKey: Guid(82dd70d3ebd44e341aaad5421caa4842) Importer(815301076,1909f56bfc062723c751e8b465ee728b)
Start importing Assets/Scenes/Title.unity using Guid(82dd70d3ebd44e341aaad5421caa4842) Importer(815301076,1909f56bfc062723c751e8b465ee728b)  -> (artifact id: '3db3facf53cf5d201d446592c8b22a8b') in 0.007009 seconds 
========================================================================
Received Import Request.
  Time since last request: 18.416572 seconds.
  path: Assets/Scenes/Main
  artifactKey: Guid(adc7d479513b33d4ab58d11fdc66c1c8) Importer(815301076,1909f56bfc062723c751e8b465ee728b)
Start importing Assets/Scenes/Main using Guid(adc7d479513b33d4ab58d11fdc66c1c8) Importer(815301076,1909f56bfc062723c751e8b465ee728b)  -> (artifact id: 'c64c0933530fff5513a594c8892ae101') in 0.007832 seconds 
========================================================================
Received Import Request.
  Time since last request: 0.053768 seconds.
  path: Assets/Scenes/Main/NavMesh.asset
  artifactKey: Guid(a37c5d9629b538b4c869cf337c80509e) Importer(815301076,1909f56bfc062723c751e8b465ee728b)
Start importing Assets/Scenes/Main/NavMesh.asset using Guid(a37c5d9629b538b4c869cf337c80509e) Importer(815301076,1909f56bfc062723c751e8b465ee728b)  -> (artifact id: '2e6e0405ac1dea3fe28fd73bc3357a88') in 0.017490 seconds 
========================================================================
Received Import Request.
  Time since last request: 2.486385 seconds.
  path: Assets/amusedART
  artifactKey: Guid(f720f3aa7d505634d89a8796e2c7fd8b) Importer(815301076,1909f56bfc062723c751e8b465ee728b)
Start importing Assets/amusedART using Guid(f720f3aa7d505634d89a8796e2c7fd8b) Importer(815301076,1909f56bfc062723c751e8b465ee728b)  -> (artifact id: '86168dd422ea72e621bd0af727257132') in 0.006417 seconds 
========================================================================
Received Import Request.
  Time since last request: 0.684060 seconds.
  path: Assets/FloorTexture
  artifactKey: Guid(5dfd041b6c269744a9c2c807ea9c43be) Importer(815301076,1909f56bfc062723c751e8b465ee728b)
Start importing Assets/FloorTexture using Guid(5dfd041b6c269744a9c2c807ea9c43be) Importer(815301076,1909f56bfc062723c751e8b465ee728b)  -> (artifact id: '15cacb0b9431401e089f13f714fb0a63') in 0.006992 seconds 
========================================================================
Received Import Request.
  Time since last request: 2.578651 seconds.
  path: Assets/Meshtint Free Boximon Cyclopes Mega Toon Series
  artifactKey: Guid(168d64feccc65e5489f2d932073e6005) Importer(815301076,1909f56bfc062723c751e8b465ee728b)
Start importing Assets/Meshtint Free Boximon Cyclopes Mega Toon Series using Guid(168d64feccc65e5489f2d932073e6005) Importer(815301076,1909f56bfc062723c751e8b465ee728b)  -> (artifact id: '19e6d7930110dc7d26ad963ceb025578') in 0.006259 seconds 
========================================================================
Received Import Request.
  Time since last request: 4.643673 seconds.
  path: Assets/PartyMonsterDuo
  artifactKey: Guid(756606f0aa67f154b89052ab6edcd748) Importer(815301076,1909f56bfc062723c751e8b465ee728b)
Start importing Assets/PartyMonsterDuo using Guid(756606f0aa67f154b89052ab6edcd748) Importer(815301076,1909f56bfc062723c751e8b465ee728b)  -> (artifact id: '8b2c6c5c34321efbe1209fb18c0e550d') in 0.007337 seconds 
========================================================================
Received Import Request.
  Time since last request: 1.598796 seconds.
  path: Assets/amusedART/StoneMonster
  artifactKey: Guid(8a0d7e8d8da256e47b32f9ca4079c599) Importer(815301076,1909f56bfc062723c751e8b465ee728b)
Start importing Assets/amusedART/StoneMonster using Guid(8a0d7e8d8da256e47b32f9ca4079c599) Importer(815301076,1909f56bfc062723c751e8b465ee728b)  -> (artifact id: '74f88cc41ead7e2a6a645c4a6f8c5d99') in 0.007639 seconds 
========================================================================
Received Import Request.
  Time since last request: 0.065530 seconds.
  path: Assets/amusedART/StoneMonster/StoneMonster.FBX
  artifactKey: Guid(1db38da97b6ad094dbca967f13dd370f) Importer(815301076,1909f56bfc062723c751e8b465ee728b)
Start importing Assets/amusedART/StoneMonster/StoneMonster.FBX using Guid(1db38da97b6ad094dbca967f13dd370f) Importer(815301076,1909f56bfc062723c751e8b465ee728b)  -> (artifact id: '9739bda8ffccc784c9c749f0a0e9f6d8') in 0.180905 seconds 
========================================================================
Received Import Request.
  Time since last request: 0.471826 seconds.
  path: Assets/amusedART/StoneMonster/Animations
  artifactKey: Guid(2b0ffe36987855847a84dfba7cdb2ee4) Importer(815301076,1909f56bfc062723c751e8b465ee728b)
Start importing Assets/amusedART/StoneMonster/Animations using Guid(2b0ffe36987855847a84dfba7cdb2ee4) Importer(815301076,1909f56bfc062723c751e8b465ee728b)  -> (artifact id: '50d49001d14fc74347ae396fe73c1678') in 0.006854 seconds 
========================================================================
Received Import Request.
  Time since last request: 17.193901 seconds.
  path: Assets/Script/HealPack/HealPackSpawner.cs
  artifactKey: Guid(5e3e7ddea87d70145b45c649bbf37011) Importer(815301076,1909f56bfc062723c751e8b465ee728b)
Start importing Assets/Script/HealPack/HealPackSpawner.cs using Guid(5e3e7ddea87d70145b45c649bbf37011) Importer(815301076,1909f56bfc062723c751e8b465ee728b)  -> (artifact id: '48b88bdb3c073cdd837e314efd342974') in 0.018105 seconds 
========================================================================
Received Import Request.
  Time since last request: 0.009257 seconds.
  path: Assets/ModularRPGHeroesPolyArt/TPController/Scripts/AnimatorMatcher.cs
  artifactKey: Guid(c6da3a7e4a89c784da4e7992264d1ddc) Importer(815301076,1909f56bfc062723c751e8b465ee728b)
Start importing Assets/ModularRPGHeroesPolyArt/TPController/Scripts/AnimatorMatcher.cs using Guid(c6da3a7e4a89c784da4e7992264d1ddc) Importer(815301076,1909f56bfc062723c751e8b465ee728b)  -> (artifact id: '479c1c8d19e9f4e85215d838846edfc6') in 0.007995 seconds 
========================================================================
Received Import Request.
  Time since last request: 0.010092 seconds.
  path: Assets/PartyMonsterDuo/Animation/Die01Recover.fbx
  artifactKey: Guid(8f6629bd0b93cf747993efbfb8e00c1e) Importer(815301076,1909f56bfc062723c751e8b465ee728b)
Start importing Assets/PartyMonsterDuo/Animation/Die01Recover.fbx using Guid(8f6629bd0b93cf747993efbfb8e00c1e) Importer(815301076,1909f56bfc062723c751e8b465ee728b)  -> (artifact id: '741eefac7bf0d935ce4ed23f9ad83b25') in 0.136141 seconds 
========================================================================
Received Import Request.
  Time since last request: 0.007628 seconds.
  path: Assets/ModularRPGHeroesPolyArt/TPController/Scripts/ControlManager.cs
  artifactKey: Guid(356ef7d154ec2204da583918f14ed575) Importer(815301076,1909f56bfc062723c751e8b465ee728b)
Start importing Assets/ModularRPGHeroesPolyArt/TPController/Scripts/ControlManager.cs using Guid(356ef7d154ec2204da583918f14ed575) Importer(815301076,1909f56bfc062723c751e8b465ee728b)  -> (artifact id: '591e354a8e8c06b1f6622dff0e8d110b') in 0.005903 seconds 
========================================================================
Received Import Request.
  Time since last request: 0.003291 seconds.
  path: Assets/amusedART/StoneMonster/Materials
  artifactKey: Guid(06d25380b69f05f4e9e412d7654facb8) Importer(815301076,1909f56bfc062723c751e8b465ee728b)
Start importing Assets/amusedART/StoneMonster/Materials using Guid(06d25380b69f05f4e9e412d7654facb8) Importer(815301076,1909f56bfc062723c751e8b465ee728b)  -> (artifact id: 'b899c69ccd698f173123f94cdb02814d') in 0.006677 seconds 
========================================================================
Received Import Request.
  Time since last request: 0.007166 seconds.
  path: Assets/PartyMonsterDuo/Animation/Attack02.fbx
  artifactKey: Guid(ee4dcd4aac28c304c9bd9485e85e6e3b) Importer(815301076,1909f56bfc062723c751e8b465ee728b)
Start importing Assets/PartyMonsterDuo/Animation/Attack02.fbx using Guid(ee4dcd4aac28c304c9bd9485e85e6e3b) Importer(815301076,1909f56bfc062723c751e8b465ee728b)  -> (artifact id: 'fdc8fba341881045f283ee4a7e541aa3') in 0.027001 seconds 
========================================================================
Received Import Request.
  Time since last request: 0.006920 seconds.
  path: Assets/Script/Player/Minimap.cs
  artifactKey: Guid(ec2b3fca5dff00d4ebfab6da351d5f90) Importer(815301076,1909f56bfc062723c751e8b465ee728b)
Start importing Assets/Script/Player/Minimap.cs using Guid(ec2b3fca5dff00d4ebfab6da351d5f90) Importer(815301076,1909f56bfc062723c751e8b465ee728b)  -> (artifact id: '7a46a5512fdc166ac056c2526eec3878') in 0.005818 seconds 
========================================================================
Received Import Request.
  Time since last request: 0.006452 seconds.
  path: Assets/SpecialSkillsEffectsPack/Scripts/ForEffects/_ObjectsMakeBase.cs
  artifactKey: Guid(08e176ba4d4040f4bb39df40a8ee47ab) Importer(815301076,1909f56bfc062723c751e8b465ee728b)
Start importing Assets/SpecialSkillsEffectsPack/Scripts/ForEffects/_ObjectsMakeBase.cs using Guid(08e176ba4d4040f4bb39df40a8ee47ab) Importer(815301076,1909f56bfc062723c751e8b465ee728b)  -> (artifact id: 'b6cf950f5ea5d9625586231528bd724b') in 0.005936 seconds 
========================================================================
Received Import Request.
  Time since last request: 0.006039 seconds.
  path: Assets/amusedART/StoneMonster/Script/Animation_Test.cs
  artifactKey: Guid(6a8eeb9411d2d4e4180ec70be187c615) Importer(815301076,1909f56bfc062723c751e8b465ee728b)
Start importing Assets/amusedART/StoneMonster/Script/Animation_Test.cs using Guid(6a8eeb9411d2d4e4180ec70be187c615) Importer(815301076,1909f56bfc062723c751e8b465ee728b)  -> (artifact id: '93f98755d4099687b4a0ede851274fca') in 0.005668 seconds 
========================================================================
Received Import Request.
  Time since last request: 0.006999 seconds.
  path: Assets/PartyMonsterDuo/Animation/Run01Left.fbx
  artifactKey: Guid(bd16700a3d829684c807bec79a473b4f) Importer(815301076,1909f56bfc062723c751e8b465ee728b)
Start importing Assets/PartyMonsterDuo/Animation/Run01Left.fbx using Guid(bd16700a3d829684c807bec79a473b4f) Importer(815301076,1909f56bfc062723c751e8b465ee728b)  -> (artifact id: 'b032d2310d974492c81c17750d0953b9') in 0.025050 seconds 
========================================================================
Received Import Request.
  Time since last request: 0.007169 seconds.
  path: Assets/Sci-Fi UI/Demo_Assets/scripts/GUI_Demo.cs
  artifactKey: Guid(62163097fd449614681ef581d7b3f4b2) Importer(815301076,1909f56bfc062723c751e8b465ee728b)
Start importing Assets/Sci-Fi UI/Demo_Assets/scripts/GUI_Demo.cs using Guid(62163097fd449614681ef581d7b3f4b2) Importer(815301076,1909f56bfc062723c751e8b465ee728b)  -> (artifact id: 'f7e6fa955d8d77126d4a30d32516b610') in 0.005775 seconds 
========================================================================
Received Import Request.
  Time since last request: 0.005985 seconds.
  path: Assets/SpecialSkillsEffectsPack/Scripts/DelayActive.cs
  artifactKey: Guid(0abfeb6d7faeeef489e7b8fa31a364fc) Importer(815301076,1909f56bfc062723c751e8b465ee728b)
Start importing Assets/SpecialSkillsEffectsPack/Scripts/DelayActive.cs using Guid(0abfeb6d7faeeef489e7b8fa31a364fc) Importer(815301076,1909f56bfc062723c751e8b465ee728b)  -> (artifact id: '5fb3fa3c4bc192b4de5726ad8392df75') in 0.005657 seconds 
========================================================================
Received Import Request.
  Time since last request: 0.006551 seconds.
  path: Assets/PartyMonsterDuo/Animation/Victory01.fbx
  artifactKey: Guid(638b1d8fb5dd82245b382272af09c8a0) Importer(815301076,1909f56bfc062723c751e8b465ee728b)
Start importing Assets/PartyMonsterDuo/Animation/Victory01.fbx using Guid(638b1d8fb5dd82245b382272af09c8a0) Importer(815301076,1909f56bfc062723c751e8b465ee728b)  -> (artifact id: 'c6419ed2c13a379826826aeca37f1362') in 0.024635 seconds 
========================================================================
Received Import Request.
  Time since last request: 0.007654 seconds.
  path: Assets/Standard Assets/ParticleSystems/Scripts/ExplosionFireAndDebris.cs
  artifactKey: Guid(009fbf49e77db344db366a646868e02d) Importer(815301076,1909f56bfc062723c751e8b465ee728b)
Start importing Assets/Standard Assets/ParticleSystems/Scripts/ExplosionFireAndDebris.cs using Guid(009fbf49e77db344db366a646868e02d) Importer(815301076,1909f56bfc062723c751e8b465ee728b)  -> (artifact id: 'bc90208a1c222a947752dbc13e1f2e4a') in 0.005587 seconds 
========================================================================
Received Import Request.
  Time since last request: 0.007253 seconds.
  path: Assets/PartyMonsterDuo/Animation/Push.fbx
  artifactKey: Guid(3aa072121bfc60b4f8f1bc94f6756e3c) Importer(815301076,1909f56bfc062723c751e8b465ee728b)
Start importing Assets/PartyMonsterDuo/Animation/Push.fbx using Guid(3aa072121bfc60b4f8f1bc94f6756e3c) Importer(815301076,1909f56bfc062723c751e8b465ee728b)  -> (artifact id: '368e5a9131f7e3d9d3f1bfc40c30b60f') in 0.024703 seconds 
========================================================================
Received Import Request.
  Time since last request: 0.007288 seconds.
  path: Assets/SpecialSkillsEffectsPack/Scripts/ForEffects/MultipleObjectsMake.cs
  artifactKey: Guid(7994742634f09eb4a88499d7e511671d) Importer(815301076,1909f56bfc062723c751e8b465ee728b)
Start importing Assets/SpecialSkillsEffectsPack/Scripts/ForEffects/MultipleObjectsMake.cs using Guid(7994742634f09eb4a88499d7e511671d) Importer(815301076,1909f56bfc062723c751e8b465ee728b)  -> (artifact id: '989467b057a718fe7d02a41c1217184d') in 0.005577 seconds 
========================================================================
Received Import Request.
  Time since last request: 0.005796 seconds.
  path: Assets/UIScripts/Title/ButtonControllerTitle.cs
  artifactKey: Guid(39e19a9b13186df44898bd834ea5c7b8) Importer(815301076,1909f56bfc062723c751e8b465ee728b)
Start importing Assets/UIScripts/Title/ButtonControllerTitle.cs using Guid(39e19a9b13186df44898bd834ea5c7b8) Importer(815301076,1909f56bfc062723c751e8b465ee728b)  -> (artifact id: '787dcf38478c8e96a4ce9b0daa3b4eed') in 0.005619 seconds 
========================================================================
Received Import Request.
  Time since last request: 0.006155 seconds.
  path: Assets/ModularRPGHeroesPolyArt/TPController/Scripts/BoolOperator1.cs
  artifactKey: Guid(49fa602ec1936c04986f488aa3583c3f) Importer(815301076,1909f56bfc062723c751e8b465ee728b)
Start importing Assets/ModularRPGHeroesPolyArt/TPController/Scripts/BoolOperator1.cs using Guid(49fa602ec1936c04986f488aa3583c3f) Importer(815301076,1909f56bfc062723c751e8b465ee728b)  -> (artifact id: '506353c84653860d35f3505e038fd03b') in 0.005755 seconds 
========================================================================
Received Import Request.
  Time since last request: 0.008512 seconds.
  path: Assets/Standard Assets/ParticleSystems/Scripts/AfterburnerPhysicsForce.cs
  artifactKey: Guid(5d44a238286f6904198ab78e914c229d) Importer(815301076,1909f56bfc062723c751e8b465ee728b)
Start importing Assets/Standard Assets/ParticleSystems/Scripts/AfterburnerPhysicsForce.cs using Guid(5d44a238286f6904198ab78e914c229d) Importer(815301076,1909f56bfc062723c751e8b465ee728b)  -> (artifact id: '79c07adf3d4163b623efebace8af0068') in 0.005678 seconds 
========================================================================
Received Import Request.
  Time since last request: 0.006167 seconds.
  path: Assets/Script/Monster/BasicEnemy.cs
  artifactKey: Guid(f51011a2d6e3e5b40bd66becd83dae80) Importer(815301076,1909f56bfc062723c751e8b465ee728b)
Start importing Assets/Script/Monster/BasicEnemy.cs using Guid(f51011a2d6e3e5b40bd66becd83dae80) Importer(815301076,1909f56bfc062723c751e8b465ee728b)  -> (artifact id: 'f44f6b89eb3c2cb930d94082460f6fed') in 0.005762 seconds 
========================================================================
Received Import Request.
  Time since last request: 0.003557 seconds.
  path: Assets/PartyMonsterDuo/Texture
  artifactKey: Guid(c6d370fd15341c342bb4f1becc2e1db7) Importer(815301076,1909f56bfc062723c751e8b465ee728b)
Start importing Assets/PartyMonsterDuo/Texture using Guid(c6d370fd15341c342bb4f1becc2e1db7) Importer(815301076,1909f56bfc062723c751e8b465ee728b)  -> (artifact id: 'b5b7b205231aa56c09ca6c79b49cf195') in 0.005924 seconds 
========================================================================
Received Import Request.
  Time since last request: 0.003336 seconds.
  path: Assets/PartyMonsterDuo/Material
  artifactKey: Guid(7afaede561f78bb40b8b35e26e7f2936) Importer(815301076,1909f56bfc062723c751e8b465ee728b)
Start importing Assets/PartyMonsterDuo/Material using Guid(7afaede561f78bb40b8b35e26e7f2936) Importer(815301076,1909f56bfc062723c751e8b465ee728b)  -> (artifact id: 'a510234f9630362ce7db61a1cce87921') in 0.007179 seconds 
========================================================================
Received Import Request.
  Time since last request: 0.002797 seconds.
  path: Assets/PartyMonsterDuo/Mesh
  artifactKey: Guid(e02d08949e90bc34daf49c23ace50e5f) Importer(815301076,1909f56bfc062723c751e8b465ee728b)
Start importing Assets/PartyMonsterDuo/Mesh using Guid(e02d08949e90bc34daf49c23ace50e5f) Importer(815301076,1909f56bfc062723c751e8b465ee728b)  -> (artifact id: '3a781f12a84791679c4052d0bdece818') in 0.005669 seconds 
========================================================================
Received Import Request.
  Time since last request: 0.006579 seconds.
  path: Assets/amusedART/StoneMonster/Animations/StoneMonster_Death.FBX
  artifactKey: Guid(3e63abeab47efea44a9868d7d769abcf) Importer(815301076,1909f56bfc062723c751e8b465ee728b)
Start importing Assets/amusedART/StoneMonster/Animations/StoneMonster_Death.FBX using Guid(3e63abeab47efea44a9868d7d769abcf) Importer(815301076,1909f56bfc062723c751e8b465ee728b)  -> (artifact id: '15b1f6c0036d2f53337f0fd83a1ca4e9') in 0.025887 seconds 
========================================================================
Received Import Request.
  Time since last request: 0.006887 seconds.
  path: Assets/SpecialSkillsEffectsPack/Scripts/ChangeSizeColor.cs
  artifactKey: Guid(7922d6fd03f084a4589b0e0bdfd866eb) Importer(815301076,1909f56bfc062723c751e8b465ee728b)
Start importing Assets/SpecialSkillsEffectsPack/Scripts/ChangeSizeColor.cs using Guid(7922d6fd03f084a4589b0e0bdfd866eb) Importer(815301076,1909f56bfc062723c751e8b465ee728b)  -> (artifact id: '14dc5bf0c97a176db29c116d6689c7b0') in 0.005482 seconds 
========================================================================
Received Import Request.
  Time since last request: 0.005584 seconds.
  path: Assets/Script/Monster/BombEnemyParticle2.cs
  artifactKey: Guid(5c87568bfde2c534dace60c1cabd9131) Importer(815301076,1909f56bfc062723c751e8b465ee728b)
Start importing Assets/Script/Monster/BombEnemyParticle2.cs using Guid(5c87568bfde2c534dace60c1cabd9131) Importer(815301076,1909f56bfc062723c751e8b465ee728b)  -> (artifact id: '42364092536434d1b092f7984d24a290') in 0.005596 seconds 
========================================================================
Received Import Request.
  Time since last request: 0.011068 seconds.
  path: Assets/amusedART/StoneMonster/Animations/StoneMonster_Run.FBX
  artifactKey: Guid(87aca181203408543942305a65e47c0b) Importer(815301076,1909f56bfc062723c751e8b465ee728b)
Start importing Assets/amusedART/StoneMonster/Animations/StoneMonster_Run.FBX using Guid(87aca181203408543942305a65e47c0b) Importer(815301076,1909f56bfc062723c751e8b465ee728b)  -> (artifact id: 'be4ea1d480db9022cab4082027cbdf3a') in 0.024615 seconds 
========================================================================
Received Import Request.
  Time since last request: 0.007367 seconds.
  path: Assets/PartyMonsterDuo/Animation/Run01BWD.fbx
  artifactKey: Guid(adef3dd147ee71c44b030e3f830b7655) Importer(815301076,1909f56bfc062723c751e8b465ee728b)
Start importing Assets/PartyMonsterDuo/Animation/Run01BWD.fbx using Guid(adef3dd147ee71c44b030e3f830b7655) Importer(815301076,1909f56bfc062723c751e8b465ee728b)  -> (artifact id: 'ccbc0de5ad795f6726e9018eca0dda99') in 0.024937 seconds 
========================================================================
Received Import Request.
  Time since last request: 0.012221 seconds.
  path: Assets/PartyMonsterDuo/Animation/Idle03.fbx
  artifactKey: Guid(cec4383bee75c3848b23bde89fb98646) Importer(815301076,1909f56bfc062723c751e8b465ee728b)
Start importing Assets/PartyMonsterDuo/Animation/Idle03.fbx using Guid(cec4383bee75c3848b23bde89fb98646) Importer(815301076,1909f56bfc062723c751e8b465ee728b)  -> (artifact id: '1987cfcc5955789ae51dc8513f042739') in 0.024278 seconds 
========================================================================
Received Import Request.
  Time since last request: 0.006633 seconds.
  path: Assets/SpecialSkillsEffectsPack/Scripts/NewMaterialChange.cs
  artifactKey: Guid(f875761d9a11f1b448dda0f9ee26e0f0) Importer(815301076,1909f56bfc062723c751e8b465ee728b)
Start importing Assets/SpecialSkillsEffectsPack/Scripts/NewMaterialChange.cs using Guid(f875761d9a11f1b448dda0f9ee26e0f0) Importer(815301076,1909f56bfc062723c751e8b465ee728b)  -> (artifact id: '6c07a7794f532bd1ff9f1df1e588f00a') in 0.005741 seconds 
========================================================================
Received Import Request.
  Time since last request: 0.005906 seconds.
  path: Assets/SpecialSkillsEffectsPack/Scripts/VariousEffectsScene.cs
  artifactKey: Guid(2e52beb180dd3474e9c353e1ad5103ea) Importer(815301076,1909f56bfc062723c751e8b465ee728b)
Start importing Assets/SpecialSkillsEffectsPack/Scripts/VariousEffectsScene.cs using Guid(2e52beb180dd3474e9c353e1ad5103ea) Importer(815301076,1909f56bfc062723c751e8b465ee728b)  -> (artifact id: '86597df8011f08cc6898a4a3284f064d') in 0.005961 seconds 
========================================================================
Received Import Request.
  Time since last request: 0.006653 seconds.
  path: Assets/PartyMonsterDuo/Mesh/DefaultCharacterMesh.fbx
  artifactKey: Guid(eeebdeb8be91e0e43ae9170c2d8e4279) Importer(815301076,1909f56bfc062723c751e8b465ee728b)
Start importing Assets/PartyMonsterDuo/Mesh/DefaultCharacterMesh.fbx using Guid(eeebdeb8be91e0e43ae9170c2d8e4279) Importer(815301076,1909f56bfc062723c751e8b465ee728b)  -> (artifact id: 'd1afbed771327021d41e1bef0b1a488e') in 0.126059 seconds 
========================================================================
Received Import Request.
  Time since last request: 0.007766 seconds.
  path: Assets/ModularRPGHeroesPolyArt/TPController/Scripts/BoolOperator2.cs
  artifactKey: Guid(3fa0aa4fe0e25584fa78a2677eed8921) Importer(815301076,1909f56bfc062723c751e8b465ee728b)
Start importing Assets/ModularRPGHeroesPolyArt/TPController/Scripts/BoolOperator2.cs using Guid(3fa0aa4fe0e25584fa78a2677eed8921) Importer(815301076,1909f56bfc062723c751e8b465ee728b)  -> (artifact id: 'f51fb22942b38a68a0e620be39f1783e') in 0.006041 seconds 
========================================================================
Received Import Request.
  Time since last request: 0.005956 seconds.
  path: Assets/Script/HealPack/HealPack.cs
  artifactKey: Guid(6ed2f190c8d170a4c910aa4561df2c26) Importer(815301076,1909f56bfc062723c751e8b465ee728b)
Start importing Assets/Script/HealPack/HealPack.cs using Guid(6ed2f190c8d170a4c910aa4561df2c26) Importer(815301076,1909f56bfc062723c751e8b465ee728b)  -> (artifact id: 'd6eb9caf4f5fe92fc7315f1c4e374008') in 0.005393 seconds 
========================================================================
Received Import Request.
  Time since last request: 0.006140 seconds.
  path: Assets/PartyMonsterDuo/Animation/Attack01.fbx
  artifactKey: Guid(c079a833bce9f244197c6d6a59349939) Importer(815301076,1909f56bfc062723c751e8b465ee728b)
Start importing Assets/PartyMonsterDuo/Animation/Attack01.fbx using Guid(c079a833bce9f244197c6d6a59349939) Importer(815301076,1909f56bfc062723c751e8b465ee728b)  -> (artifact id: 'db356b829d5fda461a2ea046e249ee5a') in 0.024562 seconds 
========================================================================
Received Import Request.
  Time since last request: 0.007616 seconds.
  path: Assets/PartyMonsterDuo/Animation/DefenseHit.fbx
  artifactKey: Guid(d7af8ce29102eab49afee0dc9d3659e3) Importer(815301076,1909f56bfc062723c751e8b465ee728b)
Start importing Assets/PartyMonsterDuo/Animation/DefenseHit.fbx using Guid(d7af8ce29102eab49afee0dc9d3659e3) Importer(815301076,1909f56bfc062723c751e8b465ee728b)  -> (artifact id: '91f2320dfa1dd8d151ccbfca5beb0f4c') in 0.023984 seconds 
========================================================================
Received Import Request.
  Time since last request: 0.006200 seconds.
  path: Assets/UIScripts/Title/SceneChanger.cs
  artifactKey: Guid(2ea7d58e8cdc14c4c9509d2a4531b811) Importer(815301076,1909f56bfc062723c751e8b465ee728b)
Start importing Assets/UIScripts/Title/SceneChanger.cs using Guid(2ea7d58e8cdc14c4c9509d2a4531b811) Importer(815301076,1909f56bfc062723c751e8b465ee728b)  -> (artifact id: '824f6803cc711645add672da1b4066f6') in 0.005631 seconds 
========================================================================
Received Import Request.
  Time since last request: 0.006110 seconds.
  path: Assets/SpecialSkillsEffectsPack/Scripts/VariousMouseOrbit.cs
  artifactKey: Guid(97b9bd758e22b2a4b87e8b1077adfbe5) Importer(815301076,1909f56bfc062723c751e8b465ee728b)
Start importing Assets/SpecialSkillsEffectsPack/Scripts/VariousMouseOrbit.cs using Guid(97b9bd758e22b2a4b87e8b1077adfbe5) Importer(815301076,1909f56bfc062723c751e8b465ee728b)  -> (artifact id: 'c887242fbab602f6f96bfe129219240f') in 0.005709 seconds 
========================================================================
Received Import Request.
  Time since last request: 0.005820 seconds.
  path: Assets/Script/Player/HealthSlider.cs
  artifactKey: Guid(d3159fecec040ca4cbcc042e64f66ae8) Importer(815301076,1909f56bfc062723c751e8b465ee728b)
Start importing Assets/Script/Player/HealthSlider.cs using Guid(d3159fecec040ca4cbcc042e64f66ae8) Importer(815301076,1909f56bfc062723c751e8b465ee728b)  -> (artifact id: '592a47741968110543a1bd1f83441a3e') in 0.005805 seconds 
========================================================================
Received Import Request.
  Time since last request: 0.005919 seconds.
  path: Assets/Script/Monster/BulletEnemy.cs
  artifactKey: Guid(33b4d59f3ff0bf64790c5db72a3a27c5) Importer(815301076,1909f56bfc062723c751e8b465ee728b)
Start importing Assets/Script/Monster/BulletEnemy.cs using Guid(33b4d59f3ff0bf64790c5db72a3a27c5) Importer(815301076,1909f56bfc062723c751e8b465ee728b)  -> (artifact id: '65bfc632a0c19886fbdf8a5405806096') in 0.002552 seconds 
========================================================================
Received Import Request.
  Time since last request: 0.005761 seconds.
  path: Assets/Standard Assets/ParticleSystems/Scripts/ExplosionPhysicsForce.cs
  artifactKey: Guid(0ac1691131a8c844dafe8b6ace6a172a) Importer(815301076,1909f56bfc062723c751e8b465ee728b)
Start importing Assets/Standard Assets/ParticleSystems/Scripts/ExplosionPhysicsForce.cs using Guid(0ac1691131a8c844dafe8b6ace6a172a) Importer(815301076,1909f56bfc062723c751e8b465ee728b)  -> (artifact id: '2f4afc658767c0c8be21d02d523a5188') in 0.005871 seconds 
========================================================================
Received Import Request.
  Time since last request: 0.006641 seconds.
  path: Assets/PartyMonsterDuo/Animation/Dance01.fbx
  artifactKey: Guid(54948340193221b4aa8e859e77a0d367) Importer(815301076,1909f56bfc062723c751e8b465ee728b)
Start importing Assets/PartyMonsterDuo/Animation/Dance01.fbx using Guid(54948340193221b4aa8e859e77a0d367) Importer(815301076,1909f56bfc062723c751e8b465ee728b)  -> (artifact id: '7a60bb82ad534dc014e3ae304e4a69ec') in 0.024785 seconds 
========================================================================
Received Import Request.
  Time since last request: 0.007280 seconds.
  path: Assets/amusedART/StoneMonster/Animations/StoneMonster_Damage.FBX
  artifactKey: Guid(8af2259933ccf2e47b0a9493f3516fc4) Importer(815301076,1909f56bfc062723c751e8b465ee728b)
Start importing Assets/amusedART/StoneMonster/Animations/StoneMonster_Damage.FBX using Guid(8af2259933ccf2e47b0a9493f3516fc4) Importer(815301076,1909f56bfc062723c751e8b465ee728b)  -> (artifact id: '76aef7dbb5355fd4660d6c9f682b3c23') in 0.024551 seconds 
========================================================================
Received Import Request.
  Time since last request: 0.003804 seconds.
  path: Assets/PartyMonsterDuo/Prefab
  artifactKey: Guid(1e34ad718d9e3884999dc8daf3352650) Importer(815301076,1909f56bfc062723c751e8b465ee728b)
Start importing Assets/PartyMonsterDuo/Prefab using Guid(1e34ad718d9e3884999dc8daf3352650) Importer(815301076,1909f56bfc062723c751e8b465ee728b)  -> (artifact id: 'dd571e0577510e752304c1f79eef1689') in 0.005776 seconds 
========================================================================
Received Import Request.
  Time since last request: 0.006216 seconds.
  path: Assets/Standard Assets/ParticleSystems/Scripts/Hose.cs
  artifactKey: Guid(915950f1f73ea9e429d92b7226238623) Importer(815301076,1909f56bfc062723c751e8b465ee728b)
Start importing Assets/Standard Assets/ParticleSystems/Scripts/Hose.cs using Guid(915950f1f73ea9e429d92b7226238623) Importer(815301076,1909f56bfc062723c751e8b465ee728b)  -> (artifact id: '85d74686960bd91f984eff5e4ac0e7fe') in 0.006063 seconds 
========================================================================
Received Import Request.
  Time since last request: 0.005781 seconds.
  path: Assets/Standard Assets/ParticleSystems/Scripts/FireLight.cs
  artifactKey: Guid(723274b822865ed4d9ed2a504c0ca79d) Importer(815301076,1909f56bfc062723c751e8b465ee728b)
Start importing Assets/Standard Assets/ParticleSystems/Scripts/FireLight.cs using Guid(723274b822865ed4d9ed2a504c0ca79d) Importer(815301076,1909f56bfc062723c751e8b465ee728b)  -> (artifact id: '213af5dae13e7786a8fce88fa5b8d449') in 0.005663 seconds 
========================================================================
Received Import Request.
  Time since last request: 0.006156 seconds.
  path: Assets/amusedART/StoneMonster/Animations/StoneMonster_Idle.FBX
  artifactKey: Guid(6098175c4d4a46343be4d6857847330b) Importer(815301076,1909f56bfc062723c751e8b465ee728b)
Start importing Assets/amusedART/StoneMonster/Animations/StoneMonster_Idle.FBX using Guid(6098175c4d4a46343be4d6857847330b) Importer(815301076,1909f56bfc062723c751e8b465ee728b)  -> (artifact id: '4011eaeb9058b45fdbf7b2ecf3220e85') in 0.023937 seconds 
========================================================================
Received Import Request.
  Time since last request: 0.006672 seconds.
  path: Assets/amusedART/StoneMonster/Prefab/StoneMonster.prefab
  artifactKey: Guid(0f8a471e5537f864ebdb454fe82308eb) Importer(815301076,1909f56bfc062723c751e8b465ee728b)
Start importing Assets/amusedART/StoneMonster/Prefab/StoneMonster.prefab using Guid(0f8a471e5537f864ebdb454fe82308eb) Importer(815301076,1909f56bfc062723c751e8b465ee728b)  -> (artifact id: '5ffac7838a9caa30ca7b8ef6b3512512') in 0.013761 seconds 
========================================================================
Received Import Request.
  Time since last request: 0.007242 seconds.
  path: Assets/Script/Monster/BombEnemy.cs
  artifactKey: Guid(f6e90b186ca892642824c0057da43ba0) Importer(815301076,1909f56bfc062723c751e8b465ee728b)
Start importing Assets/Script/Monster/BombEnemy.cs using Guid(f6e90b186ca892642824c0057da43ba0) Importer(815301076,1909f56bfc062723c751e8b465ee728b)  -> (artifact id: 'ab592cbcc8e8cd10764153b14d10e5c8') in 0.002451 seconds 
========================================================================
Received Import Request.
  Time since last request: 0.006485 seconds.
  path: Assets/Script/Monster/BombEnemy1.cs
  artifactKey: Guid(6f459a598b37c8742a800c1e9d8a77f7) Importer(815301076,1909f56bfc062723c751e8b465ee728b)
Start importing Assets/Script/Monster/BombEnemy1.cs using Guid(6f459a598b37c8742a800c1e9d8a77f7) Importer(815301076,1909f56bfc062723c751e8b465ee728b)  -> (artifact id: '44f5c068c302bb87396c349dfbf302cc') in 0.005515 seconds 
========================================================================
Received Import Request.
  Time since last request: 0.006148 seconds.
  path: Assets/UIScripts/ButtonController.cs
  artifactKey: Guid(e5556853d61bfc147a42203a32c4bd66) Importer(815301076,1909f56bfc062723c751e8b465ee728b)
Start importing Assets/UIScripts/ButtonController.cs using Guid(e5556853d61bfc147a42203a32c4bd66) Importer(815301076,1909f56bfc062723c751e8b465ee728b)  -> (artifact id: 'e8f3bee2707c2dbce294896d53e76f3a') in 0.005382 seconds 
========================================================================
Received Import Request.
  Time since last request: 0.005814 seconds.
  path: Assets/SpecialSkillsEffectsPack/Scripts/ForEffects/ObjectMoveDestroy.cs
  artifactKey: Guid(56e17d10c4e020147ae8b5e49a85fd67) Importer(815301076,1909f56bfc062723c751e8b465ee728b)
Start importing Assets/SpecialSkillsEffectsPack/Scripts/ForEffects/ObjectMoveDestroy.cs using Guid(56e17d10c4e020147ae8b5e49a85fd67) Importer(815301076,1909f56bfc062723c751e8b465ee728b)  -> (artifact id: '22144f6fdd890c27d175310350e8d188') in 0.005624 seconds 
========================================================================
Received Import Request.
  Time since last request: 0.006226 seconds.
  path: Assets/PartyMonsterDuo/Animation/JumpOneTake.fbx
  artifactKey: Guid(3ec2d761566ed6b44bbd934694af281b) Importer(815301076,1909f56bfc062723c751e8b465ee728b)
Start importing Assets/PartyMonsterDuo/Animation/JumpOneTake.fbx using Guid(3ec2d761566ed6b44bbd934694af281b) Importer(815301076,1909f56bfc062723c751e8b465ee728b)  -> (artifact id: 'fb7d8fb1d30df940fd04df2de5f8bfe7') in 0.025329 seconds 
========================================================================
Received Import Request.
  Time since last request: 0.006946 seconds.
  path: Assets/amusedART/StoneMonster/Animations/StoneMonster_Attack.FBX
  artifactKey: Guid(3cab52bd39b9a5f4fb028f9ae0ecbc91) Importer(815301076,1909f56bfc062723c751e8b465ee728b)
Start importing Assets/amusedART/StoneMonster/Animations/StoneMonster_Attack.FBX using Guid(3cab52bd39b9a5f4fb028f9ae0ecbc91) Importer(815301076,1909f56bfc062723c751e8b465ee728b)  -> (artifact id: 'b6b3ed8ae5516542d3c819327788f243') in 0.024088 seconds 
========================================================================
Received Import Request.
  Time since last request: 0.007339 seconds.
  path: Assets/SpecialSkillsEffectsPack/Scripts/ForEffects/ShieldActivate.cs
  artifactKey: Guid(0af683078061c2d4dabef0494034564f) Importer(815301076,1909f56bfc062723c751e8b465ee728b)
Start importing Assets/SpecialSkillsEffectsPack/Scripts/ForEffects/ShieldActivate.cs using Guid(0af683078061c2d4dabef0494034564f) Importer(815301076,1909f56bfc062723c751e8b465ee728b)  -> (artifact id: 'cf9e4d589e0cee2f881122da69d477cf') in 0.005780 seconds 
========================================================================
Received Import Request.
  Time since last request: 0.006182 seconds.
  path: Assets/Script/Player/EXPSlider.cs
  artifactKey: Guid(b87130c0ad67e3c42bb96165be922665) Importer(815301076,1909f56bfc062723c751e8b465ee728b)
Start importing Assets/Script/Player/EXPSlider.cs using Guid(b87130c0ad67e3c42bb96165be922665) Importer(815301076,1909f56bfc062723c751e8b465ee728b)  -> (artifact id: 'f9a449f51da311f4f0930273e5814c63') in 0.005762 seconds 
========================================================================
Received Import Request.
  Time since last request: 0.006373 seconds.
  path: Assets/PartyMonsterDuo/Animation/Run01Right.fbx
  artifactKey: Guid(a2c550fd05297b64983d892530580f3f) Importer(815301076,1909f56bfc062723c751e8b465ee728b)
Start importing Assets/PartyMonsterDuo/Animation/Run01Right.fbx using Guid(a2c550fd05297b64983d892530580f3f) Importer(815301076,1909f56bfc062723c751e8b465ee728b)  -> (artifact id: '17ef89fe284b293f3b88080e729c54b3') in 0.024184 seconds 
========================================================================
Received Import Request.
  Time since last request: 0.007557 seconds.
  path: Assets/Script/Monster/BSEnemySP1.cs
  artifactKey: Guid(eb3aa76f78a0b6347bcd100f902aac94) Importer(815301076,1909f56bfc062723c751e8b465ee728b)
Start importing Assets/Script/Monster/BSEnemySP1.cs using Guid(eb3aa76f78a0b6347bcd100f902aac94) Importer(815301076,1909f56bfc062723c751e8b465ee728b)  -> (artifact id: '489039bf74746e6370717f281cb71737') in 0.005588 seconds 
========================================================================
Received Import Request.
  Time since last request: 0.005547 seconds.
  path: Assets/PartyMonsterDuo/Material/DefaultPolyart.mat
  artifactKey: Guid(e6c4e27510e2d164d86c33ef2069b47a) Importer(815301076,1909f56bfc062723c751e8b465ee728b)
Start importing Assets/PartyMonsterDuo/Material/DefaultPolyart.mat using Guid(e6c4e27510e2d164d86c33ef2069b47a) Importer(815301076,1909f56bfc062723c751e8b465ee728b)  -> (artifact id: '7270ba6466d99b0d7b648b30a11f0de7') in 0.032502 seconds 
========================================================================
Received Import Request.
  Time since last request: 0.007220 seconds.
  path: Assets/SpecialSkillsEffectsPack/Scripts/ScaleFactorApplyToMaterial.cs
  artifactKey: Guid(3de6923c0c6c4164193436b82af45485) Importer(815301076,1909f56bfc062723c751e8b465ee728b)
Start importing Assets/SpecialSkillsEffectsPack/Scripts/ScaleFactorApplyToMaterial.cs using Guid(3de6923c0c6c4164193436b82af45485) Importer(815301076,1909f56bfc062723c751e8b465ee728b)  -> (artifact id: '234cbe00e5432e67a83336dc3ef3ea21') in 0.005949 seconds 
========================================================================
Received Import Request.
  Time since last request: 0.005413 seconds.
  path: Assets/Standard Assets/ParticleSystems/Scripts/ParticleSystemMultiplier.cs
  artifactKey: Guid(039587c051912eb4ead9e58344c5f3ce) Importer(815301076,1909f56bfc062723c751e8b465ee728b)
Start importing Assets/Standard Assets/ParticleSystems/Scripts/ParticleSystemMultiplier.cs using Guid(039587c051912eb4ead9e58344c5f3ce) Importer(815301076,1909f56bfc062723c751e8b465ee728b)  -> (artifact id: '75ef665dca50ff77c8fa6e2abff6c736') in 0.005717 seconds 
========================================================================
Received Import Request.
  Time since last request: 0.015188 seconds.
  path: Assets/Script/Monster/Bullet.cs
  artifactKey: Guid(1690fa059ea95fe4da6e6ef8aaf5e7c5) Importer(815301076,1909f56bfc062723c751e8b465ee728b)
Start importing Assets/Script/Monster/Bullet.cs using Guid(1690fa059ea95fe4da6e6ef8aaf5e7c5) Importer(815301076,1909f56bfc062723c751e8b465ee728b)  -> (artifact id: 'a579d3d0fde2f68604b69806dd29cb95') in 0.005485 seconds 
========================================================================
Received Import Request.
  Time since last request: 0.005552 seconds.
  path: Assets/Script/Monster/BulletEnemySp2.cs
  artifactKey: Guid(6b6fa3972ce19d84bb4de2cbb14ea472) Importer(815301076,1909f56bfc062723c751e8b465ee728b)
Start importing Assets/Script/Monster/BulletEnemySp2.cs using Guid(6b6fa3972ce19d84bb4de2cbb14ea472) Importer(815301076,1909f56bfc062723c751e8b465ee728b)  -> (artifact id: '4e081b2e054d10ac17d18b0e66bb01d3') in 0.005989 seconds 
========================================================================
Received Import Request.
  Time since last request: 0.006157 seconds.
  path: Assets/Script/Player/CAM.cs
  artifactKey: Guid(9ddc9aa85fcf21a47855d86afa83fbbf) Importer(815301076,1909f56bfc062723c751e8b465ee728b)
Start importing Assets/Script/Player/CAM.cs using Guid(9ddc9aa85fcf21a47855d86afa83fbbf) Importer(815301076,1909f56bfc062723c751e8b465ee728b)  -> (artifact id: 'ff143c4ca11b4d091c5ef1475833a31f') in 0.005810 seconds 
========================================================================
Received Import Request.
  Time since last request: 0.006225 seconds.
  path: Assets/PartyMonsterDuo/Animation/GetHit.fbx
  artifactKey: Guid(e2454aa9afc8f7d42a3beb381754010e) Importer(815301076,1909f56bfc062723c751e8b465ee728b)
Start importing Assets/PartyMonsterDuo/Animation/GetHit.fbx using Guid(e2454aa9afc8f7d42a3beb381754010e) Importer(815301076,1909f56bfc062723c751e8b465ee728b)  -> (artifact id: 'fb458efa103bf016538f7dc6cdf4eb4c') in 0.025644 seconds 
========================================================================
Received Import Request.
  Time since last request: 0.007156 seconds.
  path: Assets/Standard Assets/ParticleSystems/Scripts/SmokeParticles.cs
  artifactKey: Guid(4414ab7cd3d674b449d233db0d583605) Importer(815301076,1909f56bfc062723c751e8b465ee728b)
Start importing Assets/Standard Assets/ParticleSystems/Scripts/SmokeParticles.cs using Guid(4414ab7cd3d674b449d233db0d583605) Importer(815301076,1909f56bfc062723c751e8b465ee728b)  -> (artifact id: 'b158bf170affda82c51b7b8e93d4b01c') in 0.005703 seconds 
========================================================================
Received Import Request.
  Time since last request: 0.006230 seconds.
  path: Assets/PartyMonsterDuo/Prefab/C02.prefab
  artifactKey: Guid(379cfb6848589a948b84691a4df3bed9) Importer(815301076,1909f56bfc062723c751e8b465ee728b)
Start importing Assets/PartyMonsterDuo/Prefab/C02.prefab using Guid(379cfb6848589a948b84691a4df3bed9) Importer(815301076,1909f56bfc062723c751e8b465ee728b)  -> (artifact id: 'b772c6c999294fc726ac311af7fb4e3d') in 0.038659 seconds 
========================================================================
Received Import Request.
  Time since last request: 0.005230 seconds.
  path: Assets/SpecialSkillsEffectsPack/Scripts/VariousRotateObject.cs
  artifactKey: Guid(c60185437c0b10a459916383991063f9) Importer(815301076,1909f56bfc062723c751e8b465ee728b)
Start importing Assets/SpecialSkillsEffectsPack/Scripts/VariousRotateObject.cs using Guid(c60185437c0b10a459916383991063f9) Importer(815301076,1909f56bfc062723c751e8b465ee728b)  -> (artifact id: '81e01a8ab4c6f1f75aeb18cc48da8000') in 0.005666 seconds 
========================================================================
Received Import Request.
  Time since last request: 0.006218 seconds.
  path: Assets/Script/Monster/BombEneSP3.cs
  artifactKey: Guid(5c3a40fb8b5f5e148bc3d185b12cab34) Importer(815301076,1909f56bfc062723c751e8b465ee728b)
Start importing Assets/Script/Monster/BombEneSP3.cs using Guid(5c3a40fb8b5f5e148bc3d185b12cab34) Importer(815301076,1909f56bfc062723c751e8b465ee728b)  -> (artifact id: '2f9963153e08e5fbab1fc59a96666517') in 0.005853 seconds 
========================================================================
Received Import Request.
  Time since last request: 0.007543 seconds.
  path: Assets/amusedART/StoneMonster/Materials/StoneMonster.mat
  artifactKey: Guid(76efd4c3dc867d841b0a4c3eccc81a15) Importer(815301076,1909f56bfc062723c751e8b465ee728b)
Start importing Assets/amusedART/StoneMonster/Materials/StoneMonster.mat using Guid(76efd4c3dc867d841b0a4c3eccc81a15) Importer(815301076,1909f56bfc062723c751e8b465ee728b)  -> (artifact id: '2a2b6039ac197f9c6dbc81de3f4d9be8') in 0.015827 seconds 
========================================================================
Received Import Request.
  Time since last request: 0.007952 seconds.
  path: Assets/SpecialSkillsEffectsPack/Scripts/ForEffects/LookAtTarget.cs
  artifactKey: Guid(428747b9c5a2b3f49b82899f59c5b89d) Importer(815301076,1909f56bfc062723c751e8b465ee728b)
Start importing Assets/SpecialSkillsEffectsPack/Scripts/ForEffects/LookAtTarget.cs using Guid(428747b9c5a2b3f49b82899f59c5b89d) Importer(815301076,1909f56bfc062723c751e8b465ee728b)  -> (artifact id: '088a22db67b27553266391f8eae57144') in 0.005975 seconds 
========================================================================
Received Import Request.
  Time since last request: 0.006243 seconds.
  path: Assets/PartyMonsterDuo/Animation/Slide.fbx
  artifactKey: Guid(ce85b6fae17ba5640abc7c259651e1be) Importer(815301076,1909f56bfc062723c751e8b465ee728b)
Start importing Assets/PartyMonsterDuo/Animation/Slide.fbx using Guid(ce85b6fae17ba5640abc7c259651e1be) Importer(815301076,1909f56bfc062723c751e8b465ee728b)  -> (artifact id: '185776929735ee1255a5db6c96e609be') in 0.025821 seconds 
========================================================================
Received Import Request.
  Time since last request: 0.007082 seconds.
  path: Assets/PartyMonsterDuo/Animation/Run01FWD.fbx
  artifactKey: Guid(2a91a7da49a763a42b3bd701ac88fe84) Importer(815301076,1909f56bfc062723c751e8b465ee728b)
Start importing Assets/PartyMonsterDuo/Animation/Run01FWD.fbx using Guid(2a91a7da49a763a42b3bd701ac88fe84) Importer(815301076,1909f56bfc062723c751e8b465ee728b)  -> (artifact id: 'c690e165185960a4faa9e875a21c5f72') in 0.024251 seconds 
========================================================================
Received Import Request.
  Time since last request: 0.007472 seconds.
  path: Assets/Script/Monster/BulletAttack.cs
  artifactKey: Guid(541a0d7bc8b40344b8ca33347facde27) Importer(815301076,1909f56bfc062723c751e8b465ee728b)
Start importing Assets/Script/Monster/BulletAttack.cs using Guid(541a0d7bc8b40344b8ca33347facde27) Importer(815301076,1909f56bfc062723c751e8b465ee728b)  -> (artifact id: '7cb5ddb60e3cd8dabaf44f855b63f53d') in 0.005939 seconds 
========================================================================
Received Import Request.
  Time since last request: 0.007313 seconds.
  path: Assets/ModularRPGHeroesPolyArt/TPController/Scripts/ResetTimer.cs
  artifactKey: Guid(ba38118b975bdfe4187807d3dc49c59c) Importer(815301076,1909f56bfc062723c751e8b465ee728b)
Start importing Assets/ModularRPGHeroesPolyArt/TPController/Scripts/ResetTimer.cs using Guid(ba38118b975bdfe4187807d3dc49c59c) Importer(815301076,1909f56bfc062723c751e8b465ee728b)  -> (artifact id: '2b311402716da8c4c72f8e6960f001bc') in 0.005525 seconds 
========================================================================
Received Import Request.
  Time since last request: 0.006438 seconds.
  path: Assets/PartyMonsterDuo/Animation/Dizzy.fbx
  artifactKey: Guid(a5e1f8c4ae1ff184cb248966ce834502) Importer(815301076,1909f56bfc062723c751e8b465ee728b)
Start importing Assets/PartyMonsterDuo/Animation/Dizzy.fbx using Guid(a5e1f8c4ae1ff184cb248966ce834502) Importer(815301076,1909f56bfc062723c751e8b465ee728b)  -> (artifact id: '7a185e58fb58a81bd42c9aa9c817a3ea') in 0.032353 seconds 
========================================================================
Received Import Request.
  Time since last request: 0.007558 seconds.
  path: Assets/Script/Monster/BigEnemy.cs
  artifactKey: Guid(735f9cc0f515ecd41a646b4d1666f084) Importer(815301076,1909f56bfc062723c751e8b465ee728b)
Start importing Assets/Script/Monster/BigEnemy.cs using Guid(735f9cc0f515ecd41a646b4d1666f084) Importer(815301076,1909f56bfc062723c751e8b465ee728b)  -> (artifact id: 'f5cf69d3461d83b3c5e39785c0f633f7') in 0.002605 seconds 
========================================================================
Received Import Request.
  Time since last request: 0.011177 seconds.
  path: Assets/SpecialSkillsEffectsPack/Scripts/ForEffects/ObjectMove.cs
  artifactKey: Guid(aaa5cb770ff50fd45be824531ff122e5) Importer(815301076,1909f56bfc062723c751e8b465ee728b)
Start importing Assets/SpecialSkillsEffectsPack/Scripts/ForEffects/ObjectMove.cs using Guid(aaa5cb770ff50fd45be824531ff122e5) Importer(815301076,1909f56bfc062723c751e8b465ee728b)  -> (artifact id: '2c7dd51e3239e139ddf2571a4ef8e5ac') in 0.005636 seconds 
========================================================================
Received Import Request.
  Time since last request: 0.003020 seconds.
  path: Assets/amusedART/StoneMonster/Prefab
  artifactKey: Guid(fc2ccbecb42519b4aacf93bf7e39c4b8) Importer(815301076,1909f56bfc062723c751e8b465ee728b)
Start importing Assets/amusedART/StoneMonster/Prefab using Guid(fc2ccbecb42519b4aacf93bf7e39c4b8) Importer(815301076,1909f56bfc062723c751e8b465ee728b)  -> (artifact id: 'd62ad6a8ceb94791a458e4c520b913c8') in 0.002536 seconds 
========================================================================
Received Import Request.
  Time since last request: 0.003060 seconds.
  path: Assets/amusedART/StoneMonster/Script
  artifactKey: Guid(52778aa6883906d4ab11a3c707f0db9c) Importer(815301076,1909f56bfc062723c751e8b465ee728b)
Start importing Assets/amusedART/StoneMonster/Script using Guid(52778aa6883906d4ab11a3c707f0db9c) Importer(815301076,1909f56bfc062723c751e8b465ee728b)  -> (artifact id: '15240f820f98bcdd1eaf9ea8bd7c4558') in 0.007658 seconds 
========================================================================
Received Import Request.
  Time since last request: 0.007805 seconds.
  path: Assets/PartyMonsterDuo/Texture/DefaultPolyart.png
  artifactKey: Guid(119ace39730f81642afeeb4d68eabc1d) Importer(815301076,1909f56bfc062723c751e8b465ee728b)
Start importing Assets/PartyMonsterDuo/Texture/DefaultPolyart.png using Guid(119ace39730f81642afeeb4d68eabc1d) Importer(815301076,1909f56bfc062723c751e8b465ee728b)  -> (artifact id: '1ee8a8d969239121b58be6808fcf98e9') in 0.041045 seconds 
========================================================================
Received Import Request.
  Time since last request: 0.013282 seconds.
  path: Assets/SpecialSkillsEffectsPack/Scripts/VariousTranslateMove.cs
  artifactKey: Guid(8b7e4542b8b17544db0decd919ea64b1) Importer(815301076,1909f56bfc062723c751e8b465ee728b)
Start importing Assets/SpecialSkillsEffectsPack/Scripts/VariousTranslateMove.cs using Guid(8b7e4542b8b17544db0decd919ea64b1) Importer(815301076,1909f56bfc062723c751e8b465ee728b)  -> (artifact id: '16e0f332a1bab85612791a4a404dc4a8') in 0.006273 seconds 
========================================================================
Received Import Request.
  Time since last request: 0.007795 seconds.
  path: Assets/amusedART/StoneMonster/Texture/StoneMonster.png
  artifactKey: Guid(606206690e51d5d44b6704348cb7363b) Importer(815301076,1909f56bfc062723c751e8b465ee728b)
Start importing Assets/amusedART/StoneMonster/Texture/StoneMonster.png using Guid(606206690e51d5d44b6704348cb7363b) Importer(815301076,1909f56bfc062723c751e8b465ee728b)  -> (artifact id: 'e871dccb45cd61cf14fcc13f6d28adf1') in 0.013593 seconds 
========================================================================
Received Import Request.
  Time since last request: 0.004285 seconds.
  path: Assets/amusedART/StoneMonster/Texture
  artifactKey: Guid(9640f35e3d1de5c488dd3ef216f1e0cf) Importer(815301076,1909f56bfc062723c751e8b465ee728b)
Start importing Assets/amusedART/StoneMonster/Texture using Guid(9640f35e3d1de5c488dd3ef216f1e0cf) Importer(815301076,1909f56bfc062723c751e8b465ee728b)  -> (artifact id: '8b8efe41bdfb82dddbde731505403cc7') in 0.002493 seconds 
========================================================================
Received Import Request.
  Time since last request: 0.003116 seconds.
  path: Assets/PartyMonsterDuo/Animator
  artifactKey: Guid(e8cf55c248e938d45aefc7bb04b67287) Importer(815301076,1909f56bfc062723c751e8b465ee728b)
Start importing Assets/PartyMonsterDuo/Animator using Guid(e8cf55c248e938d45aefc7bb04b67287) Importer(815301076,1909f56bfc062723c751e8b465ee728b)  -> (artifact id: '2538b9fec38c09b23a420a3a6418b1e5') in 0.005670 seconds 
========================================================================
Received Import Request.
  Time since last request: 0.006890 seconds.
  path: Assets/Standard Assets/ParticleSystems/Scripts/WaterHoseParticles.cs
  artifactKey: Guid(2d79772cda0b4b6409070163fcab05da) Importer(815301076,1909f56bfc062723c751e8b465ee728b)
Start importing Assets/Standard Assets/ParticleSystems/Scripts/WaterHoseParticles.cs using Guid(2d79772cda0b4b6409070163fcab05da) Importer(815301076,1909f56bfc062723c751e8b465ee728b)  -> (artifact id: '189b3716ba830b90b13eccade51fe993') in 0.005963 seconds 
========================================================================
Received Import Request.
  Time since last request: 0.006122 seconds.
  path: Assets/Script/Player/Player.cs
  artifactKey: Guid(259d333746ae56346a9115eb16f21fa0) Importer(815301076,1909f56bfc062723c751e8b465ee728b)
Start importing Assets/Script/Player/Player.cs using Guid(259d333746ae56346a9115eb16f21fa0) Importer(815301076,1909f56bfc062723c751e8b465ee728b)  -> (artifact id: 'f3e3db885dbc94034c0d2f6d8b31cd06') in 0.006258 seconds 
========================================================================
Received Import Request.
  Time since last request: 0.005927 seconds.
  path: Assets/ModularRPGHeroesPolyArt/TPController/Scripts/CameraManager.cs
  artifactKey: Guid(0e006b5e44999504a84872c4971724a1) Importer(815301076,1909f56bfc062723c751e8b465ee728b)
Start importing Assets/ModularRPGHeroesPolyArt/TPController/Scripts/CameraManager.cs using Guid(0e006b5e44999504a84872c4971724a1) Importer(815301076,1909f56bfc062723c751e8b465ee728b)  -> (artifact id: '8cd36952fc3a902fbd9e822c87b86b56') in 0.006157 seconds 
========================================================================
Received Import Request.
  Time since last request: 0.006951 seconds.
  path: Assets/PartyMonsterDuo/Animator/Default.controller
  artifactKey: Guid(f5e71d2eda3d6cc40857811c187df502) Importer(815301076,1909f56bfc062723c751e8b465ee728b)
Start importing Assets/PartyMonsterDuo/Animator/Default.controller using Guid(f5e71d2eda3d6cc40857811c187df502) Importer(815301076,1909f56bfc062723c751e8b465ee728b)  -> (artifact id: '9acd62d98f4a657d988ac4796f2ad53f') in 0.022441 seconds 
========================================================================
Received Import Request.
  Time since last request: 0.005815 seconds.
  path: Assets/Script/Monster/BOMBenemyParticle.cs
  artifactKey: Guid(4d67be7d5b80cce46b2b752be277d7c3) Importer(815301076,1909f56bfc062723c751e8b465ee728b)
Start importing Assets/Script/Monster/BOMBenemyParticle.cs using Guid(4d67be7d5b80cce46b2b752be277d7c3) Importer(815301076,1909f56bfc062723c751e8b465ee728b)  -> (artifact id: '299f2fcecea1f72869a94a05adc4b3bd') in 0.005855 seconds 
========================================================================
Received Import Request.
  Time since last request: 0.003597 seconds.
  path: Assets/PartyMonsterDuo/Animation
  artifactKey: Guid(55e316bd7714acb42aece5fa8849702f) Importer(815301076,1909f56bfc062723c751e8b465ee728b)
Start importing Assets/PartyMonsterDuo/Animation using Guid(55e316bd7714acb42aece5fa8849702f) Importer(815301076,1909f56bfc062723c751e8b465ee728b)  -> (artifact id: '075f838d524a611cf970de172786c343') in 0.005626 seconds 
========================================================================
Received Import Request.
  Time since last request: 0.007023 seconds.
  path: Assets/PartyMonsterDuo/Animation/Defense.fbx
  artifactKey: Guid(5aadc29268b688b4bbfa27a9979d6e03) Importer(815301076,1909f56bfc062723c751e8b465ee728b)
Start importing Assets/PartyMonsterDuo/Animation/Defense.fbx using Guid(5aadc29268b688b4bbfa27a9979d6e03) Importer(815301076,1909f56bfc062723c751e8b465ee728b)  -> (artifact id: 'c9bdb0fa8ebd195cacc271c0d89beded') in 0.026316 seconds 
========================================================================
Received Import Request.
  Time since last request: 0.008041 seconds.
  path: Assets/PartyMonsterDuo/Animation/Die01.fbx
  artifactKey: Guid(346a6962ca56a3b42aeea7537848e8e0) Importer(815301076,1909f56bfc062723c751e8b465ee728b)
Start importing Assets/PartyMonsterDuo/Animation/Die01.fbx using Guid(346a6962ca56a3b42aeea7537848e8e0) Importer(815301076,1909f56bfc062723c751e8b465ee728b)  -> (artifact id: '4b630a2bd468865b0e722f9e6dbce69b') in 0.025869 seconds 
========================================================================
Received Import Request.
  Time since last request: 0.007642 seconds.
  path: Assets/Standard Assets/ParticleSystems/Scripts/ExtinguishableParticleSystem.cs
  artifactKey: Guid(13e3e45088e68834999c82ca6f025949) Importer(815301076,1909f56bfc062723c751e8b465ee728b)
Start importing Assets/Standard Assets/ParticleSystems/Scripts/ExtinguishableParticleSystem.cs using Guid(13e3e45088e68834999c82ca6f025949) Importer(815301076,1909f56bfc062723c751e8b465ee728b)  -> (artifact id: '2e23f34f2ee40954d90e865b0898a4d9') in 0.005697 seconds 
========================================================================
Received Prepare
Registering precompiled user dll's ...
Registered in 0.011114 seconds.
Begin MonoManager ReloadAssembly
Symbol file LoadedFromMemory doesn't match image C:\Users\Main\Documents\GitHub\2022-1_TeamProject\TeamProject-KKJ\Library\PackageCache\com.unity.visualscripting@1.7.8\Editor\VisualScripting.Core\Dependencies\YamlDotNet\Unity.VisualScripting.YamlDotNet.dll
Symbol file LoadedFromMemory doesn't match image C:\Users\Main\Documents\GitHub\2022-1_TeamProject\TeamProject-KKJ\Library\PackageCache\com.unity.visualscripting@1.7.8\Editor\VisualScripting.Core\Dependencies\DotNetZip\Unity.VisualScripting.IonicZip.dll
Native extension for WindowsStandalone target not found
Native extension for iOS target not found
Native extension for Android target not found
Refreshing native plugins compatible for Editor in 0.69 ms, found 3 plugins.
Preloading 0 native plugins for Editor in 0.00 ms.
Mono: successfully reloaded assembly
- Completed reload, in  1.053 seconds
Domain Reload Profiling:
	ReloadAssembly (1053ms)
		BeginReloadAssembly (157ms)
			ExecutionOrderSort (0ms)
			DisableScriptedObjects (4ms)
			BackupInstance (0ms)
			ReleaseScriptingObjects (0ms)
			CreateAndSetChildDomain (41ms)
		EndReloadAssembly (793ms)
			LoadAssemblies (116ms)
			RebuildTransferFunctionScriptingTraits (0ms)
			SetupTypeCache (269ms)
			ReleaseScriptCaches (1ms)
			RebuildScriptCaches (41ms)
			SetupLoadedEditorAssemblies (336ms)
				LogAssemblyErrors (0ms)
				InitializePlatformSupportModulesInManaged (35ms)
				SetLoadedEditorAssemblies (0ms)
				RefreshPlugins (1ms)
				BeforeProcessingInitializeOnLoad (73ms)
				ProcessInitializeOnLoadAttributes (194ms)
				ProcessInitializeOnLoadMethodAttributes (29ms)
				AfterProcessingInitializeOnLoad (5ms)
				EditorAssembliesLoaded (0ms)
			ExecutionOrderSort2 (0ms)
			AwakeInstancesAfterBackupRestoration (15ms)
Platform modules already initialized, skipping
Refreshing native plugins compatible for Editor in 2.49 ms, found 3 plugins.
Preloading 0 native plugins for Editor in 0.00 ms.
Unloading 3416 Unused Serialized files (Serialized files now loaded: 0)
Unloading 20 unused Assets / (78.9 KB). Loaded Objects now: 3968.
Memory consumption went from 151.6 MB to 151.5 MB.
Total: 2.453700 ms (FindLiveObjects: 0.261200 ms CreateObjectMapping: 0.164100 ms MarkObjects: 1.958300 ms  DeleteObjects: 0.069100 ms)

AssetImportParameters requested are different than current active one (requested -> active):
  custom:video-decoder-ogg-theora: a1e56fd34408186e4bbccfd4996cb3dc -> 
  custom:container-muxer-webm: aa71ff27fc2769a1b78a27578f13a17b -> 
  custom:container-demuxer-webm: 4f35f7cbe854078d1ac9338744f61a02 -> 
  custom:video-encoder-webm-vp8: eb34c28f22e8b96e1ab97ce403110664 -> 
  custom:video-codec-MediaFoundation-h265: 746d11721c4dcdbdad8f713fa42b33f4 -> 
  custom:audio-encoder-webm-vorbis: bf7c407c2cedff20999df2af8eb42d56 -> 
  custom:framework-win-MediaFoundation: 216162199b28c13a410421893ffa2e32 -> 
  custom:container-demuxer-ogg: 62fdf1f143b41e24485cea50d1cbac27 -> 
  custom:video-decoder-webm-vp8: 9c59270c3fd7afecdb556c50c9e8de78 -> 
  custom:audio-decoder-ogg-vorbis: bf7c407c2cedff20999df2af8eb42d56 -> 
========================================================================
Received Prepare
Registering precompiled user dll's ...
Registered in 0.010768 seconds.
Begin MonoManager ReloadAssembly
Symbol file LoadedFromMemory doesn't match image C:\Users\Main\Documents\GitHub\2022-1_TeamProject\TeamProject-KKJ\Library\PackageCache\com.unity.visualscripting@1.7.8\Editor\VisualScripting.Core\Dependencies\YamlDotNet\Unity.VisualScripting.YamlDotNet.dll
Symbol file LoadedFromMemory doesn't match image C:\Users\Main\Documents\GitHub\2022-1_TeamProject\TeamProject-KKJ\Library\PackageCache\com.unity.visualscripting@1.7.8\Editor\VisualScripting.Core\Dependencies\DotNetZip\Unity.VisualScripting.IonicZip.dll
Native extension for WindowsStandalone target not found
Native extension for iOS target not found
Native extension for Android target not found
Refreshing native plugins compatible for Editor in 0.79 ms, found 3 plugins.
Preloading 0 native plugins for Editor in 0.00 ms.
Mono: successfully reloaded assembly
- Completed reload, in  1.242 seconds
Domain Reload Profiling:
	ReloadAssembly (1242ms)
		BeginReloadAssembly (181ms)
			ExecutionOrderSort (0ms)
			DisableScriptedObjects (5ms)
			BackupInstance (0ms)
			ReleaseScriptingObjects (0ms)
			CreateAndSetChildDomain (34ms)
		EndReloadAssembly (935ms)
			LoadAssemblies (156ms)
			RebuildTransferFunctionScriptingTraits (0ms)
			SetupTypeCache (348ms)
			ReleaseScriptCaches (1ms)
			RebuildScriptCaches (51ms)
			SetupLoadedEditorAssemblies (356ms)
				LogAssemblyErrors (0ms)
				InitializePlatformSupportModulesInManaged (33ms)
				SetLoadedEditorAssemblies (0ms)
				RefreshPlugins (1ms)
				BeforeProcessingInitializeOnLoad (79ms)
				ProcessInitializeOnLoadAttributes (207ms)
				ProcessInitializeOnLoadMethodAttributes (32ms)
				AfterProcessingInitializeOnLoad (4ms)
				EditorAssembliesLoaded (0ms)
			ExecutionOrderSort2 (0ms)
			AwakeInstancesAfterBackupRestoration (14ms)
Platform modules already initialized, skipping
Refreshing native plugins compatible for Editor in 2.62 ms, found 3 plugins.
Preloading 0 native plugins for Editor in 0.00 ms.
Unloading 3416 Unused Serialized files (Serialized files now loaded: 0)
Unloading 20 unused Assets / (78.9 KB). Loaded Objects now: 3971.
Memory consumption went from 151.6 MB to 151.5 MB.
Total: 2.651300 ms (FindLiveObjects: 0.299400 ms CreateObjectMapping: 0.188000 ms MarkObjects: 2.084300 ms  DeleteObjects: 0.078100 ms)

AssetImportParameters requested are different than current active one (requested -> active):
  custom:video-decoder-ogg-theora: a1e56fd34408186e4bbccfd4996cb3dc -> 
  custom:container-muxer-webm: aa71ff27fc2769a1b78a27578f13a17b -> 
  custom:container-demuxer-webm: 4f35f7cbe854078d1ac9338744f61a02 -> 
  custom:video-encoder-webm-vp8: eb34c28f22e8b96e1ab97ce403110664 -> 
  custom:video-codec-MediaFoundation-h265: 746d11721c4dcdbdad8f713fa42b33f4 -> 
  custom:audio-encoder-webm-vorbis: bf7c407c2cedff20999df2af8eb42d56 -> 
  custom:framework-win-MediaFoundation: 216162199b28c13a410421893ffa2e32 -> 
  custom:container-demuxer-ogg: 62fdf1f143b41e24485cea50d1cbac27 -> 
  custom:video-decoder-webm-vp8: 9c59270c3fd7afecdb556c50c9e8de78 -> 
  custom:audio-decoder-ogg-vorbis: bf7c407c2cedff20999df2af8eb42d56 -> 
